<?xml version="1.0" encoding="UTF-8"?>
<!-- Generated by org.testng.reporters.JUnitReportReporter -->
<testsuite skipped="0" hostname="BRM66894" name="Demp_TestNG.Demp_TestNG.annotations" tests="1" failures="0" timestamp="21 May 2020 23:30:23 GMT" time="0.009" errors="0">
  <testcase name="m11" time="0.009" classname="Demp_TestNG.Demp_TestNG.annotations"/>
</testsuite> <!-- Demp_TestNG.Demp_TestNG.annotations -->
