<?xml version="1.0" encoding="UTF-8"?>
<!-- Generated by org.testng.reporters.JUnitReportReporter -->
<testsuite skipped="0" hostname="BRM66894" name="Demp_TestNG.Demp_TestNG.TC_Home_Group" tests="2" failures="0" timestamp="11 Jun 2020 04:59:06 GMT" time="0.020" errors="0">
  <testcase name="TC_Home_02" time="0.016" classname="Demp_TestNG.Demp_TestNG.TC_Home_Group"/>
  <testcase name="TC_Home_03" time="0.004" classname="Demp_TestNG.Demp_TestNG.TC_Home_Group"/>
</testsuite> <!-- Demp_TestNG.Demp_TestNG.TC_Home_Group -->
