<?xml version="1.0" encoding="UTF-8"?>
<!-- Generated by org.testng.reporters.JUnitReportReporter -->
<testsuite skipped="0" hostname="BRM66894" name="Demp_TestNG.Demp_TestNG.TC_Home_Group" tests="2" failures="0" timestamp="23 May 2020 13:02:41 GMT" time="0.013" errors="0">
  <testcase name="TC_Home_02" time="0.011" classname="Demp_TestNG.Demp_TestNG.TC_Home_Group"/>
  <testcase name="TC_Home_03" time="0.002" classname="Demp_TestNG.Demp_TestNG.TC_Home_Group"/>
</testsuite> <!-- Demp_TestNG.Demp_TestNG.TC_Home_Group -->
