<?xml version="1.0" encoding="UTF-8"?>
<!-- Generated by org.testng.reporters.JUnitReportReporter -->
<testsuite skipped="1" hostname="BRM66894" name="Demp_TestNG.Demp_TestNG.TC_Login_Assertion" tests="4" failures="0" timestamp="23 May 2020 13:13:45 GMT" time="0.022" errors="0">
  <testcase name="TC_Login_01" time="0.015" classname="Demp_TestNG.Demp_TestNG.TC_Login_Assertion"/>
  <testcase name="TC_Login_02" time="0.004" classname="Demp_TestNG.Demp_TestNG.TC_Login_Assertion"/>
  <testcase name="TC_Login_04" time="0.003" classname="Demp_TestNG.Demp_TestNG.TC_Login_Assertion"/>
  <testcase name="TC_Login_03" classname="Demp_TestNG.Demp_TestNG.TC_Login_Assertion">
    <skipped/>
  </testcase> <!-- TC_Login_03 -->
</testsuite> <!-- Demp_TestNG.Demp_TestNG.TC_Login_Assertion -->
