<?xml version="1.0" encoding="UTF-8"?>
<!-- Generated by org.testng.reporters.JUnitReportReporter -->
<testsuite skipped="0" hostname="BRM66894" name="Demp_TestNG.Demp_TestNG.TC_Home" tests="2" failures="0" timestamp="23 May 2020 12:51:03 GMT" time="0.014" errors="0">
  <testcase name="TC_Home_01" time="0.011" classname="Demp_TestNG.Demp_TestNG.TC_Home"/>
  <testcase name="TC_Home_02" time="0.003" classname="Demp_TestNG.Demp_TestNG.TC_Home"/>
</testsuite> <!-- Demp_TestNG.Demp_TestNG.TC_Home -->
